Using pre-set license

 COMMAND LINE ARGUMENTS:
/Applications/Unity/2020.2.3f1/Unity.app/Contents/MacOS/Unity
-adb2
-batchMode
-noUpm
-name
AssetImportWorker0
-projectPath
/Volumes/Mac HD 1T/Unity/Pruebas/14-PruebasIluminacion1FER
-logFile
Logs/AssetImportWorker0.log
-srvPort
49261
Successfully changed project path to: /Volumes/Mac HD 1T/Unity/Pruebas/14-PruebasIluminacion1FER
/Volumes/Mac HD 1T/Unity/Pruebas/14-PruebasIluminacion1FER
Using Asset Import Pipeline V2.
Refreshing native plugins compatible for Editor in 142.81 ms, found 1 plugins.
Preloading 0 native plugins for Editor in 0.00 ms.
Initialize engine version: 2020.2.3f1 (8ff31bc5bf5b)
[Subsystems] Discovering subsystems at path /Applications/Unity/2020.2.3f1/Unity.app/Contents/Resources/UnitySubsystems
[Subsystems] Discovering subsystems at path /Volumes/Mac HD 1T/Unity/Pruebas/14-PruebasIluminacion1FER/Assets
GfxDevice: creating device client; threaded=0
Renderer: NVIDIA GeForce 9400M OpenGL Engine
Vendor:   NVIDIA Corporation
Version:  3.3 NVIDIA-10.4.14 310.90.30.05b27
GLES:     0
 GL_ARB_blend_func_extended GL_ARB_ES2_compatibility GL_ARB_explicit_attrib_location GL_ARB_instanced_arrays GL_ARB_internalformat_query GL_ARB_occlusion_query2 GL_ARB_sampler_objects GL_ARB_separate_shader_objects GL_ARB_shader_bit_encoding GL_ARB_shading_language_include GL_ARB_texture_rgb10_a2ui GL_ARB_texture_storage GL_ARB_texture_swizzle GL_ARB_timer_query GL_ARB_vertex_type_2_10_10_10_rev GL_ARB_viewport_array GL_EXT_debug_label GL_EXT_debug_marker GL_EXT_depth_bounds_test GL_EXT_framebuffer_multisample_blit_scaled GL_EXT_texture_compression_s3tc GL_EXT_texture_filter_anisotropic GL_EXT_texture_mirror_clamp GL_EXT_texture_sRGB_decode GL_APPLE_client_storage GL_APPLE_container_object_shareable GL_APPLE_flush_render GL_APPLE_object_purgeable GL_APPLE_rgb_422 GL_APPLE_row_bytes GL_APPLE_texture_range GL_ATI_texture_mirror_once GL_NV_texture_barrier
OPENGL LOG: Creating OpenGL 3.3 graphics device ; Context level  <OpenGL 3.3> ; Context handle 797507584
Initialize mono
Mono path[0] = '/Applications/Unity/2020.2.3f1/Unity.app/Contents/Managed'
Mono path[1] = '/Applications/Unity/2020.2.3f1/Unity.app/Contents/MonoBleedingEdge/lib/mono/unityjit'
Mono config path = '/Applications/Unity/2020.2.3f1/Unity.app/Contents/MonoBleedingEdge/etc'
Using monoOptions --debugger-agent=transport=dt_socket,embedding=1,server=y,suspend=n,address=127.0.0.1:56621
Begin MonoManager ReloadAssembly
Registering precompiled unity dll's ...
Register platform support module: /Applications/Unity/2020.2.3f1/PlaybackEngines/WebGLSupport/UnityEditor.WebGL.Extensions.dll
Register platform support module: /Applications/Unity/2020.2.3f1/Unity.app/Contents/PlaybackEngines/MacStandaloneSupport/UnityEditor.OSXStandalone.Extensions.dll
Registered in 0.001345 seconds.
Native extension for OSXStandalone target not found
Native extension for WebGL target not found
Refreshing native plugins compatible for Editor in 214.01 ms, found 1 plugins.
Preloading 0 native plugins for Editor in 0.00 ms.
Invoked RoslynAnalysisRunner static constructor.
RoslynAnalysisRunner will not be running.
RoslynAnalysisRunner has terminated.
Mono: successfully reloaded assembly
- Completed reload, in  7.824 seconds
Platform modules already initialized, skipping
Registering precompiled user dll's ...
Registered in 0.003736 seconds.
Begin MonoManager ReloadAssembly
Native extension for OSXStandalone target not found
Native extension for WebGL target not found
Refreshing native plugins compatible for Editor in 1.12 ms, found 1 plugins.
Preloading 0 native plugins for Editor in 0.00 ms.
Invoked RoslynAnalysisRunner static constructor.
RoslynAnalysisRunner will not be running.
RoslynAnalysisRunner has terminated.
Mono: successfully reloaded assembly
- Completed reload, in  2.694 seconds
Platform modules already initialized, skipping
========================================================================
Worker process is ready to serve import requests
Launching external process: /Applications/Unity/2020.2.3f1/Unity.app/Contents/Tools/UnityShaderCompiler
Launched and connected shader compiler UnityShaderCompiler after 0.03 seconds
Refreshing native plugins compatible for Editor in 1.12 ms, found 1 plugins.
Preloading 0 native plugins for Editor in 0.00 ms.
Unloading 1642 Unused Serialized files (Serialized files now loaded: 0)
System memory in use before: 142.8 MB.
System memory in use after: 141.3 MB.

Unloading 46 unused Assets to reduce memory usage. Loaded Objects now: 2063.
Total: 10.255054 ms (FindLiveObjects: 0.614773 ms CreateObjectMapping: 0.130994 ms MarkObjects: 4.825492 ms  DeleteObjects: 4.680674 ms)

========================================================================
Received Import Request.
  path: Assets/_GameAssets/Scenes/MainScene.unity
  artifactKey: Guid(195e1a27617a2284bae2f36151b3dcbe) Importer(815301076,1909f56bfc062723c751e8b465ee728b)
Start importing Assets/_GameAssets/Scenes/MainScene.unity using Guid(195e1a27617a2284bae2f36151b3dcbe) Importer(815301076,1909f56bfc062723c751e8b465ee728b)  -> (artifact id: '1ad7bb8375248942261af58686cf08ad') in 0.086441 seconds
  Import took 0.095103 seconds .

========================================================================
Received Import Request.
  Time since last request: 0.000356 seconds.
  path: Assets/_GameAssets/Scenes/MainSceneSettings.lighting
  artifactKey: Guid(5f9ac92875d574b638839a0cd87813ea) Importer(815301076,1909f56bfc062723c751e8b465ee728b)
Start importing Assets/_GameAssets/Scenes/MainSceneSettings.lighting using Guid(5f9ac92875d574b638839a0cd87813ea) Importer(815301076,1909f56bfc062723c751e8b465ee728b) LightingSettings: switching bake backend from 1 to 0.
 -> (artifact id: 'e8dccf54835bafa844f4801b42c0149b') in 0.251596 seconds
  Import took 0.257210 seconds .

========================================================================
Received Prepare
Registering precompiled user dll's ...
Registered in 0.003945 seconds.
Begin MonoManager ReloadAssembly
Native extension for OSXStandalone target not found
Native extension for WebGL target not found
Refreshing native plugins compatible for Editor in 1.08 ms, found 1 plugins.
Preloading 0 native plugins for Editor in 0.00 ms.
Invoked RoslynAnalysisRunner static constructor.
RoslynAnalysisRunner will not be running.
RoslynAnalysisRunner has terminated.
Mono: successfully reloaded assembly
- Completed reload, in  2.224 seconds
Platform modules already initialized, skipping
Refreshing native plugins compatible for Editor in 1.26 ms, found 1 plugins.
Preloading 0 native plugins for Editor in 0.00 ms.
Unloading 1609 Unused Serialized files (Serialized files now loaded: 0)
System memory in use before: 145.0 MB.
System memory in use after: 143.6 MB.

Unloading 37 unused Assets to reduce memory usage. Loaded Objects now: 2065.
Total: 7.797552 ms (FindLiveObjects: 0.426686 ms CreateObjectMapping: 0.101962 ms MarkObjects: 3.620047 ms  DeleteObjects: 3.645977 ms)

========================================================================
Received Prepare
Registering precompiled user dll's ...
Registered in 0.003804 seconds.
Begin MonoManager ReloadAssembly
Native extension for OSXStandalone target not found
Native extension for WebGL target not found
Refreshing native plugins compatible for Editor in 1.07 ms, found 1 plugins.
Preloading 0 native plugins for Editor in 0.00 ms.
Invoked RoslynAnalysisRunner static constructor.
RoslynAnalysisRunner will not be running.
RoslynAnalysisRunner has terminated.
Mono: successfully reloaded assembly
- Completed reload, in  2.121 seconds
Platform modules already initialized, skipping
Refreshing native plugins compatible for Editor in 1.13 ms, found 1 plugins.
Preloading 0 native plugins for Editor in 0.00 ms.
Unloading 1609 Unused Serialized files (Serialized files now loaded: 0)
System memory in use before: 145.2 MB.
System memory in use after: 143.8 MB.

Unloading 37 unused Assets to reduce memory usage. Loaded Objects now: 2067.
Total: 9.417088 ms (FindLiveObjects: 0.493372 ms CreateObjectMapping: 0.139330 ms MarkObjects: 4.382923 ms  DeleteObjects: 4.398957 ms)

========================================================================
Received Prepare
Registering precompiled user dll's ...
Registered in 0.008685 seconds.
Begin MonoManager ReloadAssembly
Native extension for OSXStandalone target not found
Native extension for WebGL target not found
Refreshing native plugins compatible for Editor in 2.11 ms, found 1 plugins.
Preloading 0 native plugins for Editor in 0.00 ms.
Invoked RoslynAnalysisRunner static constructor.
RoslynAnalysisRunner will not be running.
RoslynAnalysisRunner has terminated.
Mono: successfully reloaded assembly
- Completed reload, in  4.734 seconds
Platform modules already initialized, skipping
Refreshing native plugins compatible for Editor in 1.19 ms, found 1 plugins.
Preloading 0 native plugins for Editor in 0.00 ms.
Unloading 1609 Unused Serialized files (Serialized files now loaded: 0)
System memory in use before: 145.5 MB.
System memory in use after: 144.0 MB.

Unloading 37 unused Assets to reduce memory usage. Loaded Objects now: 2069.
Total: 16.370952 ms (FindLiveObjects: 0.462938 ms CreateObjectMapping: 0.143216 ms MarkObjects: 11.407603 ms  DeleteObjects: 4.353837 ms)

